This is pdfTeX, Version 3.141592653-2.6-1.40.22 (MiKTeX 21.6) (preloaded format=pdflatex 2021.9.17)  8 OCT 2021 04:09
entering extended mode
**./docs/report.tex
(docs/report.tex
LaTeX2e <2021-06-01> patch level 1
L3 programming layer <2021-08-27>
(/home/amunra23/.miktex/texmfs/install/tex/latex/extsizes/extreport.cls
Document Class: extreport 1996/10/08 v1.0 Non Standard LaTeX document class
(/home/amunra23/.miktex/texmfs/install/tex/latex/extsizes/size14.clo
File: size14.clo 1999/11/11 v1.4a NON-Standard LaTeX file (size option)
)
(/home/amunra23/.miktex/texmfs/install/tex/latex/base/exscale.sty
Package: exscale 2018/09/24 v2.1i Standard LaTeX package exscale
LaTeX Font Info:    Redeclaring symbol font `largesymbols' on input line 57.
LaTeX Font Info:    Overwriting symbol font `largesymbols' in version `normal'
(Font)                  OMX/cmex/m/n --> OMX/cmex/m/n on input line 57.
LaTeX Font Info:    Overwriting symbol font `largesymbols' in version `bold'
(Font)                  OMX/cmex/m/n --> OMX/cmex/m/n on input line 57.
\big@size=\dimen138
)
\c@part=\count182
\c@chapter=\count183
\c@section=\count184
\c@subsection=\count185
\c@subsubsection=\count186
\c@paragraph=\count187
\c@subparagraph=\count188
\c@figure=\count189
\c@table=\count190
\abovecaptionskip=\skip47
\belowcaptionskip=\skip48
\bibindent=\dimen139
)
\@input{settings.aux}
\openout2 = `settings.aux'.

No file settings.tex.

(/home/amunra23/.miktex/texmfs/install/tex/latex/l3backend/l3backend-pdftex.def
File: l3backend-pdftex.def 2021-08-04 L3 backend support: PDF output (pdfTeX)
\l__color_backend_stack_int=\count191
\l__pdf_internal_box=\box50
)

LaTeX Warning: Unused global option(s):
    [unknownkeysallowed].

(report.aux (title.aux) (contents.aux) (introd.aux) (analysis.aux) (design.aux)
(implement.aux) (research.aux))
\openout1 = `report.aux'.

LaTeX Font Info:    Checking defaults for OML/cmm/m/it on input line 5.
LaTeX Font Info:    ... okay on input line 5.
LaTeX Font Info:    Checking defaults for OMS/cmsy/m/n on input line 5.
LaTeX Font Info:    ... okay on input line 5.
LaTeX Font Info:    Checking defaults for OT1/cmr/m/n on input line 5.
LaTeX Font Info:    ... okay on input line 5.
LaTeX Font Info:    Checking defaults for T1/cmr/m/n on input line 5.
LaTeX Font Info:    ... okay on input line 5.
LaTeX Font Info:    Checking defaults for TS1/cmr/m/n on input line 5.
LaTeX Font Info:    ... okay on input line 5.
LaTeX Font Info:    Checking defaults for OMX/cmex/m/n on input line 5.
LaTeX Font Info:    ... okay on input line 5.
LaTeX Font Info:    Checking defaults for U/cmr/m/n on input line 5.
LaTeX Font Info:    ... okay on input line 5.
\openout2 = `title.aux'.


No file title.tex.
\openout2 = `contents.aux'.

No file contents.tex.
\openout2 = `introd.aux'.

No file introd.tex.
\openout2 = `analysis.aux'.

No file analysis.tex.
\openout2 = `design.aux'.

No file design.tex.
\openout2 = `implement.aux'.

No file implement.tex.
\openout2 = `research.aux'.

No file research.tex.
(report.aux (title.aux) (contents.aux) (introd.aux) (analysis.aux) (design.aux)
(implement.aux) (research.aux)) ) 
Here is how much of TeX's memory you used:
 525 strings out of 478930
 11629 string characters out of 2855943
 297514 words of memory out of 3000000
 18426 multiletter control sequences out of 15000+600000
 403728 words of font info for 28 fonts, out of 8000000 for 9000
 1141 hyphenation exceptions out of 8191
 42i,1n,52p,192b,46s stack positions out of 5000i,500n,10000p,200000b,80000s

No pages of output.
PDF statistics:
 0 PDF objects out of 1000 (max. 8388607)
 0 named destinations out of 1000 (max. 500000)
 1 words of extra memory for PDF output out of 10000 (max. 10000000)

